app/build/intermediates/manifest_merge_blame_file/debug/manifest-merger-blame-debug-report.txt
1<?xml version="1.0" encoding="utf-8"?>
2<manifest xmlns:android="http://schemas.android.com/apk/res/android"
3    package="com.sieunguoimay.vuduydu.s10musicplayer"
4    android:versionCode="1"
5    android:versionName="1.0" >
6
7    <uses-sdk
8        android:minSdkVersion="19"
8-->src\main\AndroidManifest.xml
9        android:targetSdkVersion="28" />
9-->src\main\AndroidManifest.xml
10
11    <uses-permission android:name="android.permission.INTERNET" />
11-->src\main\AndroidManifest.xml:5:5-66
11-->src\main\AndroidManifest.xml:5:22-64
12    <uses-permission android:name="android.permission.READ_EXTERNAL_STORAGE" />
12-->src\main\AndroidManifest.xml:6:5-79
12-->src\main\AndroidManifest.xml:6:22-77
13    <uses-permission android:name="android.permission.WRITE_EXTERNAL_STORAGE" />
13-->src\main\AndroidManifest.xml:7:5-80
13-->src\main\AndroidManifest.xml:7:22-78
14    <uses-permission android:name="android.permission.RECORD_AUDIO" />
14-->src\main\AndroidManifest.xml:8:5-70
14-->src\main\AndroidManifest.xml:8:22-68
15    <uses-permission android:name="android.permission.MODIFY_AUDIO_SETTINGS" />
15-->src\main\AndroidManifest.xml:9:5-79
15-->src\main\AndroidManifest.xml:9:22-77
16    <uses-permission android:name="android.permission.FOREGROUND_SERVICE" />
16-->src\main\AndroidManifest.xml:10:5-77
16-->src\main\AndroidManifest.xml:10:22-74
17    <uses-permission android:name="android.permission.ACCESS_WIFI_STATE" />
17-->src\main\AndroidManifest.xml:11:5-75
17-->src\main\AndroidManifest.xml:11:22-73
18    <uses-permission android:name="android.permission.ACCESS_NETWORK_STATE" />
18-->src\main\AndroidManifest.xml:12:5-78
18-->src\main\AndroidManifest.xml:12:22-76
19
20    <application
20-->src\main\AndroidManifest.xml:13:5-42:19
21        android:allowBackup="true"
21-->src\main\AndroidManifest.xml:14:13-39
22        android:appComponentFactory="android.support.v4.app.CoreComponentFactory"
22-->[com.android.support:support-compat:28.0.0] AndroidManifest.xml:22:18-91
23        android:debuggable="true"
24        android:icon="@drawable/icon_launcher"
24-->src\main\AndroidManifest.xml:15:13-51
25        android:label="@string/app_name"
25-->src\main\AndroidManifest.xml:16:13-45
26        android:largeHeap="true"
26-->src\main\AndroidManifest.xml:20:13-37
27        android:roundIcon="@mipmap/ic_launcher_round"
27-->src\main\AndroidManifest.xml:17:13-58
28        android:supportsRtl="true"
28-->src\main\AndroidManifest.xml:18:13-39
29        android:testOnly="true"
30        android:theme="@style/AppTheme" >
30-->src\main\AndroidManifest.xml:19:13-44
31        <activity android:name="com.uet.teamduan.musicplayer.screens.SongSelectActivity" />
31-->src\main\AndroidManifest.xml:22:9-91
31-->src\main\AndroidManifest.xml:22:19-89
32
33        <service android:name="com.uet.teamduan.musicplayer.services.MusicPlayerService" />
33-->src\main\AndroidManifest.xml:24:9-91
33-->src\main\AndroidManifest.xml:24:18-89
34
35        <receiver android:name="com.uet.teamduan.musicplayer.services.notifications.NotificationDismissReceiver" />
35-->src\main\AndroidManifest.xml:26:9-115
35-->src\main\AndroidManifest.xml:26:19-113
36
37        <activity
37-->src\main\AndroidManifest.xml:28:9-39:20
38            android:name="com.uet.teamduan.musicplayer.screens.HomeScreenActivity.HomeScreenActivity"
38-->src\main\AndroidManifest.xml:29:17-106
39            android:label="@string/title_activity_home_screen"
39-->src\main\AndroidManifest.xml:30:17-67
40            android:screenOrientation="portrait" >
40-->src\main\AndroidManifest.xml:31:17-53
41            <intent-filter>
41-->src\main\AndroidManifest.xml:34:13-38:29
42                <action android:name="android.intent.action.MAIN" />
42-->src\main\AndroidManifest.xml:35:17-68
42-->src\main\AndroidManifest.xml:35:25-66
43
44                <category android:name="android.intent.category.LAUNCHER" />
44-->src\main\AndroidManifest.xml:37:17-76
44-->src\main\AndroidManifest.xml:37:27-74
45            </intent-filter>
46        </activity>
47        <activity
47-->[com.google.firebase:firebase-auth:16.0.5] AndroidManifest.xml:24:9-31:50
48            android:name="com.google.firebase.auth.internal.FederatedSignInActivity"
48-->[com.google.firebase:firebase-auth:16.0.5] AndroidManifest.xml:25:13-85
49            android:excludeFromRecents="true"
49-->[com.google.firebase:firebase-auth:16.0.5] AndroidManifest.xml:26:13-46
50            android:exported="true"
50-->[com.google.firebase:firebase-auth:16.0.5] AndroidManifest.xml:27:13-36
51            android:launchMode="singleTask"
51-->[com.google.firebase:firebase-auth:16.0.5] AndroidManifest.xml:28:13-44
52            android:permission="com.google.firebase.auth.api.gms.permission.LAUNCH_FEDERATED_SIGN_IN"
52-->[com.google.firebase:firebase-auth:16.0.5] AndroidManifest.xml:29:13-102
53            android:theme="@android:style/Theme.Translucent.NoTitleBar" />
53-->[com.google.firebase:firebase-auth:16.0.5] AndroidManifest.xml:30:13-72
54
55        <service
55-->[com.google.firebase:firebase-auth:16.0.5] AndroidManifest.xml:33:9-39:19
56            android:name="com.google.firebase.components.ComponentDiscoveryService"
56-->[com.google.firebase:firebase-auth:16.0.5] AndroidManifest.xml:34:13-84
57            android:exported="false" >
57-->[com.google.firebase:firebase-auth:16.0.5] AndroidManifest.xml:35:13-37
58            <meta-data
58-->[com.google.firebase:firebase-auth:16.0.5] AndroidManifest.xml:36:13-38:85
59                android:name="com.google.firebase.components:com.google.firebase.auth.FirebaseAuthRegistrar"
59-->[com.google.firebase:firebase-auth:16.0.5] AndroidManifest.xml:37:17-109
60                android:value="com.google.firebase.components.ComponentRegistrar" />
60-->[com.google.firebase:firebase-auth:16.0.5] AndroidManifest.xml:38:17-82
61        </service>
62
63        <activity
63-->[com.google.android.gms:play-services-base:16.0.1] AndroidManifest.xml:23:9-26:75
64            android:name="com.google.android.gms.common.api.GoogleApiActivity"
64-->[com.google.android.gms:play-services-base:16.0.1] AndroidManifest.xml:24:13-79
65            android:exported="false"
65-->[com.google.android.gms:play-services-base:16.0.1] AndroidManifest.xml:25:13-37
66            android:theme="@android:style/Theme.Translucent.NoTitleBar" />
66-->[com.google.android.gms:play-services-base:16.0.1] AndroidManifest.xml:26:13-72
67
68        <provider
68-->[com.google.firebase:firebase-common:16.0.3] AndroidManifest.xml:10:9-14:39
69            android:name="com.google.firebase.provider.FirebaseInitProvider"
69-->[com.google.firebase:firebase-common:16.0.3] AndroidManifest.xml:11:13-77
70            android:authorities="com.sieunguoimay.vuduydu.s10musicplayer.firebaseinitprovider"
70-->[com.google.firebase:firebase-common:16.0.3] AndroidManifest.xml:12:13-72
71            android:exported="false"
71-->[com.google.firebase:firebase-common:16.0.3] AndroidManifest.xml:13:13-37
72            android:initOrder="100" />
72-->[com.google.firebase:firebase-common:16.0.3] AndroidManifest.xml:14:13-36
73
74        <meta-data
74-->[com.google.android.gms:play-services-basement:16.1.0] AndroidManifest.xml:23:9-25:69
75            android:name="com.google.android.gms.version"
75-->[com.google.android.gms:play-services-basement:16.1.0] AndroidManifest.xml:24:13-58
76            android:value="@integer/google_play_services_version" />
76-->[com.google.android.gms:play-services-basement:16.1.0] AndroidManifest.xml:25:13-66
77    </application>
78
79</manifest>